Analysis & Synthesis report for Circuit
Mon Dec 14 16:28:21 2020
Quartus II 64-Bit Version 13.0.1 Build 232 06/12/2013 Service Pack 1 SJ Web Edition


---------------------
; Table of Contents ;
---------------------
  1. Legal Notice
  2. Analysis & Synthesis Summary
  3. Analysis & Synthesis Settings
  4. Parallel Compilation
  5. Analysis & Synthesis Source Files Read
  6. Analysis & Synthesis Resource Usage Summary
  7. Analysis & Synthesis Resource Utilization by Entity
  8. General Register Statistics
  9. Port Connectivity Checks: "Controller:cut_controller|Register_3:cut_state"
 10. Port Connectivity Checks: "Datapath:cut_datapath|Adder_8:cut_adder|FullAdder:cut_FA_1"
 11. Port Connectivity Checks: "Datapath:cut_datapath|Adder_8:cut_adder"
 12. Port Connectivity Checks: "Datapath:cut_datapath|Shift:cut_shift_logic|MUX_2to1:cut_MUX_0"
 13. Port Connectivity Checks: "Datapath:cut_datapath|Shift:cut_shift_logic|MUX_2to1:cut_MUX_1"
 14. Port Connectivity Checks: "Datapath:cut_datapath|Shift:cut_shift_logic|MUX_2to1:cut_MUX_2b"
 15. Port Connectivity Checks: "Datapath:cut_datapath|Shift:cut_shift_logic|MUX_2to1:cut_MUX_3b"
 16. Port Connectivity Checks: "Datapath:cut_datapath|Shift:cut_shift_logic|MUX_2to1:cut_MUX_4b"
 17. Port Connectivity Checks: "Datapath:cut_datapath|Shift:cut_shift_logic|MUX_2to1:cut_MUX_5b"
 18. Port Connectivity Checks: "Datapath:cut_datapath|Shift:cut_shift_logic|MUX_2to1:cut_MUX_6"
 19. Port Connectivity Checks: "Datapath:cut_datapath|Shift:cut_shift_logic|MUX_2to1:cut_MUX_7"
 20. Port Connectivity Checks: "Datapath:cut_datapath|Register_4:cut_reg_B"
 21. Port Connectivity Checks: "Datapath:cut_datapath|Register_4:cut_reg_A"
 22. Elapsed Time Per Partition
 23. Analysis & Synthesis Messages



----------------
; Legal Notice ;
----------------
Copyright (C) 1991-2013 Altera Corporation
Your use of Altera Corporation's design tools, logic functions 
and other software and tools, and its AMPP partner logic 
functions, and any output files from any of the foregoing 
(including device programming or simulation files), and any 
associated documentation or information are expressly subject 
to the terms and conditions of the Altera Program License 
Subscription Agreement, Altera MegaCore Function License 
Agreement, or other applicable license agreement, including, 
without limitation, that your use is for the sole purpose of 
programming logic devices manufactured by Altera and sold by 
Altera or its authorized distributors.  Please refer to the 
applicable agreement for further details.



+--------------------------------------------------------------------------------------+
; Analysis & Synthesis Summary                                                         ;
+------------------------------------+-------------------------------------------------+
; Analysis & Synthesis Status        ; Successful - Mon Dec 14 16:28:21 2020           ;
; Quartus II 64-Bit Version          ; 13.0.1 Build 232 06/12/2013 SP 1 SJ Web Edition ;
; Revision Name                      ; Circuit                                         ;
; Top-level Entity Name              ; Circuit                                         ;
; Family                             ; Cyclone IV E                                    ;
; Total logic elements               ; 44                                              ;
;     Total combinational functions  ; 36                                              ;
;     Dedicated logic registers      ; 19                                              ;
; Total registers                    ; 19                                              ;
; Total pins                         ; 19                                              ;
; Total virtual pins                 ; 0                                               ;
; Total memory bits                  ; 0                                               ;
; Embedded Multiplier 9-bit elements ; 0                                               ;
; Total PLLs                         ; 0                                               ;
+------------------------------------+-------------------------------------------------+


+----------------------------------------------------------------------------------------------------------------------+
; Analysis & Synthesis Settings                                                                                        ;
+----------------------------------------------------------------------------+--------------------+--------------------+
; Option                                                                     ; Setting            ; Default Value      ;
+----------------------------------------------------------------------------+--------------------+--------------------+
; Device                                                                     ; EP4CE6E22A7        ;                    ;
; Top-level entity name                                                      ; Circuit            ; Circuit            ;
; Family name                                                                ; Cyclone IV E       ; Cyclone IV GX      ;
; Use smart compilation                                                      ; Off                ; Off                ;
; Enable parallel Assembler and TimeQuest Timing Analyzer during compilation ; On                 ; On                 ;
; Enable compact report table                                                ; Off                ; Off                ;
; Restructure Multiplexers                                                   ; Auto               ; Auto               ;
; Create Debugging Nodes for IP Cores                                        ; Off                ; Off                ;
; Preserve fewer node names                                                  ; On                 ; On                 ;
; Disable OpenCore Plus hardware evaluation                                  ; Off                ; Off                ;
; Verilog Version                                                            ; Verilog_2001       ; Verilog_2001       ;
; VHDL Version                                                               ; VHDL_1993          ; VHDL_1993          ;
; State Machine Processing                                                   ; Auto               ; Auto               ;
; Safe State Machine                                                         ; Off                ; Off                ;
; Extract Verilog State Machines                                             ; On                 ; On                 ;
; Extract VHDL State Machines                                                ; On                 ; On                 ;
; Ignore Verilog initial constructs                                          ; Off                ; Off                ;
; Iteration limit for constant Verilog loops                                 ; 5000               ; 5000               ;
; Iteration limit for non-constant Verilog loops                             ; 250                ; 250                ;
; Add Pass-Through Logic to Inferred RAMs                                    ; On                 ; On                 ;
; Infer RAMs from Raw Logic                                                  ; On                 ; On                 ;
; Parallel Synthesis                                                         ; On                 ; On                 ;
; DSP Block Balancing                                                        ; Auto               ; Auto               ;
; NOT Gate Push-Back                                                         ; On                 ; On                 ;
; Power-Up Don't Care                                                        ; On                 ; On                 ;
; Remove Redundant Logic Cells                                               ; Off                ; Off                ;
; Remove Duplicate Registers                                                 ; On                 ; On                 ;
; Ignore CARRY Buffers                                                       ; Off                ; Off                ;
; Ignore CASCADE Buffers                                                     ; Off                ; Off                ;
; Ignore GLOBAL Buffers                                                      ; Off                ; Off                ;
; Ignore ROW GLOBAL Buffers                                                  ; Off                ; Off                ;
; Ignore LCELL Buffers                                                       ; Off                ; Off                ;
; Ignore SOFT Buffers                                                        ; On                 ; On                 ;
; Limit AHDL Integers to 32 Bits                                             ; Off                ; Off                ;
; Optimization Technique                                                     ; Balanced           ; Balanced           ;
; Carry Chain Length                                                         ; 70                 ; 70                 ;
; Auto Carry Chains                                                          ; On                 ; On                 ;
; Auto Open-Drain Pins                                                       ; On                 ; On                 ;
; Perform WYSIWYG Primitive Resynthesis                                      ; Off                ; Off                ;
; Auto ROM Replacement                                                       ; On                 ; On                 ;
; Auto RAM Replacement                                                       ; On                 ; On                 ;
; Auto DSP Block Replacement                                                 ; On                 ; On                 ;
; Auto Shift Register Replacement                                            ; Auto               ; Auto               ;
; Allow Shift Register Merging across Hierarchies                            ; Auto               ; Auto               ;
; Auto Clock Enable Replacement                                              ; On                 ; On                 ;
; Strict RAM Replacement                                                     ; Off                ; Off                ;
; Allow Synchronous Control Signals                                          ; On                 ; On                 ;
; Force Use of Synchronous Clear Signals                                     ; Off                ; Off                ;
; Auto RAM Block Balancing                                                   ; On                 ; On                 ;
; Auto RAM to Logic Cell Conversion                                          ; Off                ; Off                ;
; Auto Resource Sharing                                                      ; Off                ; Off                ;
; Allow Any RAM Size For Recognition                                         ; Off                ; Off                ;
; Allow Any ROM Size For Recognition                                         ; Off                ; Off                ;
; Allow Any Shift Register Size For Recognition                              ; Off                ; Off                ;
; Use LogicLock Constraints during Resource Balancing                        ; On                 ; On                 ;
; Ignore translate_off and synthesis_off directives                          ; Off                ; Off                ;
; Timing-Driven Synthesis                                                    ; On                 ; On                 ;
; Report Parameter Settings                                                  ; On                 ; On                 ;
; Report Source Assignments                                                  ; On                 ; On                 ;
; Report Connectivity Checks                                                 ; On                 ; On                 ;
; Ignore Maximum Fan-Out Assignments                                         ; Off                ; Off                ;
; Synchronization Register Chain Length                                      ; 2                  ; 2                  ;
; PowerPlay Power Optimization                                               ; Normal compilation ; Normal compilation ;
; HDL message level                                                          ; Level2             ; Level2             ;
; Suppress Register Optimization Related Messages                            ; Off                ; Off                ;
; Number of Removed Registers Reported in Synthesis Report                   ; 5000               ; 5000               ;
; Number of Swept Nodes Reported in Synthesis Report                         ; 5000               ; 5000               ;
; Number of Inverted Registers Reported in Synthesis Report                  ; 100                ; 100                ;
; Clock MUX Protection                                                       ; On                 ; On                 ;
; Auto Gated Clock Conversion                                                ; Off                ; Off                ;
; Block Design Naming                                                        ; Auto               ; Auto               ;
; SDC constraint protection                                                  ; Off                ; Off                ;
; Synthesis Effort                                                           ; Auto               ; Auto               ;
; Shift Register Replacement - Allow Asynchronous Clear Signal               ; On                 ; On                 ;
; Pre-Mapping Resynthesis Optimization                                       ; Off                ; Off                ;
; Analysis & Synthesis Message Level                                         ; Medium             ; Medium             ;
; Disable Register Merging Across Hierarchies                                ; Auto               ; Auto               ;
; Resource Aware Inference For Block RAM                                     ; On                 ; On                 ;
; Synthesis Seed                                                             ; 1                  ; 1                  ;
+----------------------------------------------------------------------------+--------------------+--------------------+


Parallel compilation was disabled, but you have multiple processors available. Enable parallel compilation to reduce compilation time.
+-------------------------------------+
; Parallel Compilation                ;
+----------------------------+--------+
; Processors                 ; Number ;
+----------------------------+--------+
; Number detected on machine ; 4      ;
; Maximum allowed            ; 1      ;
+----------------------------+--------+


+-----------------------------------------------------------------------------------------------------------------------------------------------------+
; Analysis & Synthesis Source Files Read                                                                                                              ;
+----------------------------------+-----------------+------------------------+-------------------------------------------------------------+---------+
; File Name with User-Entered Path ; Used in Netlist ; File Type              ; File Name with Absolute Path                                ; Library ;
+----------------------------------+-----------------+------------------------+-------------------------------------------------------------+---------+
; Shift.v                          ; yes             ; User Verilog HDL File  ; C:/Users/rasou/Desktop/CAD/Homeworks/Quartus/Shift.v        ;         ;
; reg_8.v                          ; yes             ; User Verilog HDL File  ; C:/Users/rasou/Desktop/CAD/Homeworks/Quartus/reg_8.v        ;         ;
; reg_4.v                          ; yes             ; User Verilog HDL File  ; C:/Users/rasou/Desktop/CAD/Homeworks/Quartus/reg_4.v        ;         ;
; reg_3.v                          ; yes             ; User Verilog HDL File  ; C:/Users/rasou/Desktop/CAD/Homeworks/Quartus/reg_3.v        ;         ;
; reg_1.v                          ; yes             ; User Verilog HDL File  ; C:/Users/rasou/Desktop/CAD/Homeworks/Quartus/reg_1.v        ;         ;
; Mux_1.v                          ; yes             ; User Verilog HDL File  ; C:/Users/rasou/Desktop/CAD/Homeworks/Quartus/Mux_1.v        ;         ;
; Multiplier_2.v                   ; yes             ; User Verilog HDL File  ; C:/Users/rasou/Desktop/CAD/Homeworks/Quartus/Multiplier_2.v ;         ;
; FullAdder_1.v                    ; yes             ; User Verilog HDL File  ; C:/Users/rasou/Desktop/CAD/Homeworks/Quartus/FullAdder_1.v  ;         ;
; Datapath.v                       ; yes             ; User Verilog HDL File  ; C:/Users/rasou/Desktop/CAD/Homeworks/Quartus/Datapath.v     ;         ;
; Controller.v                     ; yes             ; User Verilog HDL File  ; C:/Users/rasou/Desktop/CAD/Homeworks/Quartus/Controller.v   ;         ;
; Adder_8.v                        ; yes             ; User Verilog HDL File  ; C:/Users/rasou/Desktop/CAD/Homeworks/Quartus/Adder_8.v      ;         ;
; ../HW1 Phase 2/Circuit.v         ; yes             ; User Verilog HDL File  ; C:/Users/rasou/Desktop/CAD/Homeworks/HW1 Phase 2/Circuit.v  ;         ;
+----------------------------------+-----------------+------------------------+-------------------------------------------------------------+---------+


+---------------------------------------------------------+
; Analysis & Synthesis Resource Usage Summary             ;
+---------------------------------------------+-----------+
; Resource                                    ; Usage     ;
+---------------------------------------------+-----------+
; Estimated Total logic elements              ; 44        ;
;                                             ;           ;
; Total combinational functions               ; 36        ;
; Logic element usage by number of LUT inputs ;           ;
;     -- 4 input functions                    ; 23        ;
;     -- 3 input functions                    ; 9         ;
;     -- <=2 input functions                  ; 4         ;
;                                             ;           ;
; Logic elements by mode                      ;           ;
;     -- normal mode                          ; 36        ;
;     -- arithmetic mode                      ; 0         ;
;                                             ;           ;
; Total registers                             ; 19        ;
;     -- Dedicated logic registers            ; 19        ;
;     -- I/O registers                        ; 0         ;
;                                             ;           ;
; I/O pins                                    ; 19        ;
; Embedded Multiplier 9-bit elements          ; 0         ;
; Maximum fan-out node                        ; clk~input ;
; Maximum fan-out                             ; 19        ;
; Total fan-out                               ; 218       ;
; Average fan-out                             ; 2.34      ;
+---------------------------------------------+-----------+


+-------------------------------------------------------------------------------------------------------------------------------------------------------------------------------------------------------------------------------------------+
; Analysis & Synthesis Resource Utilization by Entity                                                                                                                                                                                       ;
+---------------------------------+-------------------+--------------+-------------+--------------+---------+-----------+------+--------------+------------------------------------------------------------------------------+--------------+
; Compilation Hierarchy Node      ; LC Combinationals ; LC Registers ; Memory Bits ; DSP Elements ; DSP 9x9 ; DSP 18x18 ; Pins ; Virtual Pins ; Full Hierarchy Name                                                          ; Library Name ;
+---------------------------------+-------------------+--------------+-------------+--------------+---------+-----------+------+--------------+------------------------------------------------------------------------------+--------------+
; |Circuit                        ; 36 (0)            ; 19 (0)       ; 0           ; 0            ; 0       ; 0         ; 19   ; 0            ; |Circuit                                                                     ; work         ;
;    |Controller:cut_controller|  ; 7 (7)             ; 3 (0)        ; 0           ; 0            ; 0       ; 0         ; 0    ; 0            ; |Circuit|Controller:cut_controller                                           ; work         ;
;       |Register_3:cut_state|    ; 0 (0)             ; 3 (0)        ; 0           ; 0            ; 0       ; 0         ; 0    ; 0            ; |Circuit|Controller:cut_controller|Register_3:cut_state                      ; work         ;
;          |Register_1:cut_reg_1| ; 0 (0)             ; 1 (1)        ; 0           ; 0            ; 0       ; 0         ; 0    ; 0            ; |Circuit|Controller:cut_controller|Register_3:cut_state|Register_1:cut_reg_1 ; work         ;
;          |Register_1:cut_reg_2| ; 0 (0)             ; 1 (1)        ; 0           ; 0            ; 0       ; 0         ; 0    ; 0            ; |Circuit|Controller:cut_controller|Register_3:cut_state|Register_1:cut_reg_2 ; work         ;
;          |Register_1:cut_reg_3| ; 0 (0)             ; 1 (1)        ; 0           ; 0            ; 0       ; 0         ; 0    ; 0            ; |Circuit|Controller:cut_controller|Register_3:cut_state|Register_1:cut_reg_3 ; work         ;
;    |Datapath:cut_datapath|      ; 29 (0)            ; 16 (0)       ; 0           ; 0            ; 0       ; 0         ; 0    ; 0            ; |Circuit|Datapath:cut_datapath                                               ; work         ;
;       |Adder_8:cut_adder|       ; 14 (0)            ; 0 (0)        ; 0           ; 0            ; 0       ; 0         ; 0    ; 0            ; |Circuit|Datapath:cut_datapath|Adder_8:cut_adder                             ; work         ;
;          |FullAdder:cut_FA_1|   ; 1 (1)             ; 0 (0)        ; 0           ; 0            ; 0       ; 0         ; 0    ; 0            ; |Circuit|Datapath:cut_datapath|Adder_8:cut_adder|FullAdder:cut_FA_1          ; work         ;
;          |FullAdder:cut_FA_2|   ; 2 (2)             ; 0 (0)        ; 0           ; 0            ; 0       ; 0         ; 0    ; 0            ; |Circuit|Datapath:cut_datapath|Adder_8:cut_adder|FullAdder:cut_FA_2          ; work         ;
;          |FullAdder:cut_FA_3|   ; 2 (2)             ; 0 (0)        ; 0           ; 0            ; 0       ; 0         ; 0    ; 0            ; |Circuit|Datapath:cut_datapath|Adder_8:cut_adder|FullAdder:cut_FA_3          ; work         ;
;          |FullAdder:cut_FA_4|   ; 2 (2)             ; 0 (0)        ; 0           ; 0            ; 0       ; 0         ; 0    ; 0            ; |Circuit|Datapath:cut_datapath|Adder_8:cut_adder|FullAdder:cut_FA_4          ; work         ;
;          |FullAdder:cut_FA_5|   ; 2 (2)             ; 0 (0)        ; 0           ; 0            ; 0       ; 0         ; 0    ; 0            ; |Circuit|Datapath:cut_datapath|Adder_8:cut_adder|FullAdder:cut_FA_5          ; work         ;
;          |FullAdder:cut_FA_6|   ; 2 (2)             ; 0 (0)        ; 0           ; 0            ; 0       ; 0         ; 0    ; 0            ; |Circuit|Datapath:cut_datapath|Adder_8:cut_adder|FullAdder:cut_FA_6          ; work         ;
;          |FullAdder:cut_FA_7|   ; 2 (2)             ; 0 (0)        ; 0           ; 0            ; 0       ; 0         ; 0    ; 0            ; |Circuit|Datapath:cut_datapath|Adder_8:cut_adder|FullAdder:cut_FA_7          ; work         ;
;          |FullAdder:cut_FA_8|   ; 1 (1)             ; 0 (0)        ; 0           ; 0            ; 0       ; 0         ; 0    ; 0            ; |Circuit|Datapath:cut_datapath|Adder_8:cut_adder|FullAdder:cut_FA_8          ; work         ;
;       |MUX_2to1:cut_MUX_A1|     ; 1 (1)             ; 0 (0)        ; 0           ; 0            ; 0       ; 0         ; 0    ; 0            ; |Circuit|Datapath:cut_datapath|MUX_2to1:cut_MUX_A1                           ; work         ;
;       |MUX_2to1:cut_MUX_A2|     ; 1 (1)             ; 0 (0)        ; 0           ; 0            ; 0       ; 0         ; 0    ; 0            ; |Circuit|Datapath:cut_datapath|MUX_2to1:cut_MUX_A2                           ; work         ;
;       |Multiplier_2:cut_mul|    ; 5 (5)             ; 0 (0)        ; 0           ; 0            ; 0       ; 0         ; 0    ; 0            ; |Circuit|Datapath:cut_datapath|Multiplier_2:cut_mul                          ; work         ;
;       |Register_4:cut_reg_A|    ; 0 (0)             ; 4 (0)        ; 0           ; 0            ; 0       ; 0         ; 0    ; 0            ; |Circuit|Datapath:cut_datapath|Register_4:cut_reg_A                          ; work         ;
;          |Register_1:cut_reg_1| ; 0 (0)             ; 1 (1)        ; 0           ; 0            ; 0       ; 0         ; 0    ; 0            ; |Circuit|Datapath:cut_datapath|Register_4:cut_reg_A|Register_1:cut_reg_1     ; work         ;
;          |Register_1:cut_reg_2| ; 0 (0)             ; 1 (1)        ; 0           ; 0            ; 0       ; 0         ; 0    ; 0            ; |Circuit|Datapath:cut_datapath|Register_4:cut_reg_A|Register_1:cut_reg_2     ; work         ;
;          |Register_1:cut_reg_3| ; 0 (0)             ; 1 (1)        ; 0           ; 0            ; 0       ; 0         ; 0    ; 0            ; |Circuit|Datapath:cut_datapath|Register_4:cut_reg_A|Register_1:cut_reg_3     ; work         ;
;          |Register_1:cut_reg_4| ; 0 (0)             ; 1 (1)        ; 0           ; 0            ; 0       ; 0         ; 0    ; 0            ; |Circuit|Datapath:cut_datapath|Register_4:cut_reg_A|Register_1:cut_reg_4     ; work         ;
;       |Register_4:cut_reg_B|    ; 0 (0)             ; 4 (0)        ; 0           ; 0            ; 0       ; 0         ; 0    ; 0            ; |Circuit|Datapath:cut_datapath|Register_4:cut_reg_B                          ; work         ;
;          |Register_1:cut_reg_1| ; 0 (0)             ; 1 (1)        ; 0           ; 0            ; 0       ; 0         ; 0    ; 0            ; |Circuit|Datapath:cut_datapath|Register_4:cut_reg_B|Register_1:cut_reg_1     ; work         ;
;          |Register_1:cut_reg_2| ; 0 (0)             ; 1 (1)        ; 0           ; 0            ; 0       ; 0         ; 0    ; 0            ; |Circuit|Datapath:cut_datapath|Register_4:cut_reg_B|Register_1:cut_reg_2     ; work         ;
;          |Register_1:cut_reg_3| ; 0 (0)             ; 1 (1)        ; 0           ; 0            ; 0       ; 0         ; 0    ; 0            ; |Circuit|Datapath:cut_datapath|Register_4:cut_reg_B|Register_1:cut_reg_3     ; work         ;
;          |Register_1:cut_reg_4| ; 0 (0)             ; 1 (1)        ; 0           ; 0            ; 0       ; 0         ; 0    ; 0            ; |Circuit|Datapath:cut_datapath|Register_4:cut_reg_B|Register_1:cut_reg_4     ; work         ;
;       |Register_8:cut_reg_out|  ; 1 (0)             ; 8 (0)        ; 0           ; 0            ; 0       ; 0         ; 0    ; 0            ; |Circuit|Datapath:cut_datapath|Register_8:cut_reg_out                        ; work         ;
;          |Register_1:cut_reg_1| ; 0 (0)             ; 1 (1)        ; 0           ; 0            ; 0       ; 0         ; 0    ; 0            ; |Circuit|Datapath:cut_datapath|Register_8:cut_reg_out|Register_1:cut_reg_1   ; work         ;
;          |Register_1:cut_reg_2| ; 0 (0)             ; 1 (1)        ; 0           ; 0            ; 0       ; 0         ; 0    ; 0            ; |Circuit|Datapath:cut_datapath|Register_8:cut_reg_out|Register_1:cut_reg_2   ; work         ;
;          |Register_1:cut_reg_3| ; 0 (0)             ; 1 (1)        ; 0           ; 0            ; 0       ; 0         ; 0    ; 0            ; |Circuit|Datapath:cut_datapath|Register_8:cut_reg_out|Register_1:cut_reg_3   ; work         ;
;          |Register_1:cut_reg_4| ; 0 (0)             ; 1 (1)        ; 0           ; 0            ; 0       ; 0         ; 0    ; 0            ; |Circuit|Datapath:cut_datapath|Register_8:cut_reg_out|Register_1:cut_reg_4   ; work         ;
;          |Register_1:cut_reg_5| ; 0 (0)             ; 1 (1)        ; 0           ; 0            ; 0       ; 0         ; 0    ; 0            ; |Circuit|Datapath:cut_datapath|Register_8:cut_reg_out|Register_1:cut_reg_5   ; work         ;
;          |Register_1:cut_reg_6| ; 0 (0)             ; 1 (1)        ; 0           ; 0            ; 0       ; 0         ; 0    ; 0            ; |Circuit|Datapath:cut_datapath|Register_8:cut_reg_out|Register_1:cut_reg_6   ; work         ;
;          |Register_1:cut_reg_7| ; 0 (0)             ; 1 (1)        ; 0           ; 0            ; 0       ; 0         ; 0    ; 0            ; |Circuit|Datapath:cut_datapath|Register_8:cut_reg_out|Register_1:cut_reg_7   ; work         ;
;          |Register_1:cut_reg_8| ; 1 (1)             ; 1 (1)        ; 0           ; 0            ; 0       ; 0         ; 0    ; 0            ; |Circuit|Datapath:cut_datapath|Register_8:cut_reg_out|Register_1:cut_reg_8   ; work         ;
;       |Shift:cut_shift_logic|   ; 7 (1)             ; 0 (0)        ; 0           ; 0            ; 0       ; 0         ; 0    ; 0            ; |Circuit|Datapath:cut_datapath|Shift:cut_shift_logic                         ; work         ;
;          |MUX_2to1:cut_MUX_2a|  ; 1 (1)             ; 0 (0)        ; 0           ; 0            ; 0       ; 0         ; 0    ; 0            ; |Circuit|Datapath:cut_datapath|Shift:cut_shift_logic|MUX_2to1:cut_MUX_2a     ; work         ;
;          |MUX_2to1:cut_MUX_3a|  ; 1 (1)             ; 0 (0)        ; 0           ; 0            ; 0       ; 0         ; 0    ; 0            ; |Circuit|Datapath:cut_datapath|Shift:cut_shift_logic|MUX_2to1:cut_MUX_3a     ; work         ;
;          |MUX_2to1:cut_MUX_4a|  ; 1 (1)             ; 0 (0)        ; 0           ; 0            ; 0       ; 0         ; 0    ; 0            ; |Circuit|Datapath:cut_datapath|Shift:cut_shift_logic|MUX_2to1:cut_MUX_4a     ; work         ;
;          |MUX_2to1:cut_MUX_5a|  ; 1 (1)             ; 0 (0)        ; 0           ; 0            ; 0       ; 0         ; 0    ; 0            ; |Circuit|Datapath:cut_datapath|Shift:cut_shift_logic|MUX_2to1:cut_MUX_5a     ; work         ;
;          |MUX_2to1:cut_MUX_7|   ; 2 (2)             ; 0 (0)        ; 0           ; 0            ; 0       ; 0         ; 0    ; 0            ; |Circuit|Datapath:cut_datapath|Shift:cut_shift_logic|MUX_2to1:cut_MUX_7      ; work         ;
+---------------------------------+-------------------+--------------+-------------+--------------+---------+-----------+------+--------------+------------------------------------------------------------------------------+--------------+
Note: For table entries with two numbers listed, the numbers in parentheses indicate the number of resources of the given type used by the specific entity alone. The numbers listed outside of parentheses indicate the total resources of the given type used by the specific entity and all of its sub-entities in the hierarchy.


+------------------------------------------------------+
; General Register Statistics                          ;
+----------------------------------------------+-------+
; Statistic                                    ; Value ;
+----------------------------------------------+-------+
; Total registers                              ; 19    ;
; Number of registers using Synchronous Clear  ; 0     ;
; Number of registers using Synchronous Load   ; 0     ;
; Number of registers using Asynchronous Clear ; 11    ;
; Number of registers using Asynchronous Load  ; 0     ;
; Number of registers using Clock Enable       ; 15    ;
; Number of registers using Preset             ; 0     ;
+----------------------------------------------+-------+


+----------------------------------------------------------------------------+
; Port Connectivity Checks: "Controller:cut_controller|Register_3:cut_state" ;
+------+-------+----------+--------------------------------------------------+
; Port ; Type  ; Severity ; Details                                          ;
+------+-------+----------+--------------------------------------------------+
; ld   ; Input ; Info     ; Stuck at VCC                                     ;
+------+-------+----------+--------------------------------------------------+


+----------------------------------------------------------------------------------------+
; Port Connectivity Checks: "Datapath:cut_datapath|Adder_8:cut_adder|FullAdder:cut_FA_1" ;
+------+-------+----------+--------------------------------------------------------------+
; Port ; Type  ; Severity ; Details                                                      ;
+------+-------+----------+--------------------------------------------------------------+
; cin  ; Input ; Info     ; Stuck at GND                                                 ;
+------+-------+----------+--------------------------------------------------------------+


+----------------------------------------------------------------------------------------------------------------+
; Port Connectivity Checks: "Datapath:cut_datapath|Adder_8:cut_adder"                                            ;
+------+--------+----------+-------------------------------------------------------------------------------------+
; Port ; Type   ; Severity ; Details                                                                             ;
+------+--------+----------+-------------------------------------------------------------------------------------+
; cout ; Output ; Info     ; Connected to dangling logic. Logic that only feeds a dangling port will be removed. ;
+------+--------+----------+-------------------------------------------------------------------------------------+


+--------------------------------------------------------------------------------------------+
; Port Connectivity Checks: "Datapath:cut_datapath|Shift:cut_shift_logic|MUX_2to1:cut_MUX_0" ;
+------+-------+----------+------------------------------------------------------------------+
; Port ; Type  ; Severity ; Details                                                          ;
+------+-------+----------+------------------------------------------------------------------+
; in2  ; Input ; Info     ; Stuck at GND                                                     ;
+------+-------+----------+------------------------------------------------------------------+


+--------------------------------------------------------------------------------------------+
; Port Connectivity Checks: "Datapath:cut_datapath|Shift:cut_shift_logic|MUX_2to1:cut_MUX_1" ;
+------+-------+----------+------------------------------------------------------------------+
; Port ; Type  ; Severity ; Details                                                          ;
+------+-------+----------+------------------------------------------------------------------+
; in2  ; Input ; Info     ; Stuck at GND                                                     ;
+------+-------+----------+------------------------------------------------------------------+


+---------------------------------------------------------------------------------------------+
; Port Connectivity Checks: "Datapath:cut_datapath|Shift:cut_shift_logic|MUX_2to1:cut_MUX_2b" ;
+------+-------+----------+-------------------------------------------------------------------+
; Port ; Type  ; Severity ; Details                                                           ;
+------+-------+----------+-------------------------------------------------------------------+
; in2  ; Input ; Info     ; Stuck at GND                                                      ;
+------+-------+----------+-------------------------------------------------------------------+


+---------------------------------------------------------------------------------------------+
; Port Connectivity Checks: "Datapath:cut_datapath|Shift:cut_shift_logic|MUX_2to1:cut_MUX_3b" ;
+------+-------+----------+-------------------------------------------------------------------+
; Port ; Type  ; Severity ; Details                                                           ;
+------+-------+----------+-------------------------------------------------------------------+
; in2  ; Input ; Info     ; Stuck at GND                                                      ;
+------+-------+----------+-------------------------------------------------------------------+


+---------------------------------------------------------------------------------------------+
; Port Connectivity Checks: "Datapath:cut_datapath|Shift:cut_shift_logic|MUX_2to1:cut_MUX_4b" ;
+------+-------+----------+-------------------------------------------------------------------+
; Port ; Type  ; Severity ; Details                                                           ;
+------+-------+----------+-------------------------------------------------------------------+
; in1  ; Input ; Info     ; Stuck at GND                                                      ;
+------+-------+----------+-------------------------------------------------------------------+


+---------------------------------------------------------------------------------------------+
; Port Connectivity Checks: "Datapath:cut_datapath|Shift:cut_shift_logic|MUX_2to1:cut_MUX_5b" ;
+------+-------+----------+-------------------------------------------------------------------+
; Port ; Type  ; Severity ; Details                                                           ;
+------+-------+----------+-------------------------------------------------------------------+
; in1  ; Input ; Info     ; Stuck at GND                                                      ;
+------+-------+----------+-------------------------------------------------------------------+


+--------------------------------------------------------------------------------------------+
; Port Connectivity Checks: "Datapath:cut_datapath|Shift:cut_shift_logic|MUX_2to1:cut_MUX_6" ;
+------+-------+----------+------------------------------------------------------------------+
; Port ; Type  ; Severity ; Details                                                          ;
+------+-------+----------+------------------------------------------------------------------+
; in1  ; Input ; Info     ; Stuck at GND                                                     ;
+------+-------+----------+------------------------------------------------------------------+


+--------------------------------------------------------------------------------------------+
; Port Connectivity Checks: "Datapath:cut_datapath|Shift:cut_shift_logic|MUX_2to1:cut_MUX_7" ;
+------+-------+----------+------------------------------------------------------------------+
; Port ; Type  ; Severity ; Details                                                          ;
+------+-------+----------+------------------------------------------------------------------+
; in1  ; Input ; Info     ; Stuck at GND                                                     ;
+------+-------+----------+------------------------------------------------------------------+


+------------------------------------------------------------------------+
; Port Connectivity Checks: "Datapath:cut_datapath|Register_4:cut_reg_B" ;
+------+-------+----------+----------------------------------------------+
; Port ; Type  ; Severity ; Details                                      ;
+------+-------+----------+----------------------------------------------+
; rst  ; Input ; Info     ; Stuck at GND                                 ;
+------+-------+----------+----------------------------------------------+


+------------------------------------------------------------------------+
; Port Connectivity Checks: "Datapath:cut_datapath|Register_4:cut_reg_A" ;
+------+-------+----------+----------------------------------------------+
; Port ; Type  ; Severity ; Details                                      ;
+------+-------+----------+----------------------------------------------+
; rst  ; Input ; Info     ; Stuck at GND                                 ;
+------+-------+----------+----------------------------------------------+


+-------------------------------+
; Elapsed Time Per Partition    ;
+----------------+--------------+
; Partition Name ; Elapsed Time ;
+----------------+--------------+
; Top            ; 00:00:00     ;
+----------------+--------------+


+-------------------------------+
; Analysis & Synthesis Messages ;
+-------------------------------+
Info: *******************************************************************
Info: Running Quartus II 64-Bit Analysis & Synthesis
    Info: Version 13.0.1 Build 232 06/12/2013 Service Pack 1 SJ Web Edition
    Info: Processing started: Mon Dec 14 16:28:16 2020
Info: Command: quartus_map --read_settings_files=on --write_settings_files=off Circuit -c Circuit
Warning (20028): Parallel compilation is not licensed and has been disabled
Info (12021): Found 1 design units, including 1 entities, in source file shift.v
    Info (12023): Found entity 1: Shift
Info (12021): Found 1 design units, including 1 entities, in source file reg_8.v
    Info (12023): Found entity 1: Register_8
Info (12021): Found 1 design units, including 1 entities, in source file reg_4.v
    Info (12023): Found entity 1: Register_4
Info (12021): Found 1 design units, including 1 entities, in source file reg_3.v
    Info (12023): Found entity 1: Register_3
Info (12021): Found 1 design units, including 1 entities, in source file reg_1.v
    Info (12023): Found entity 1: Register_1
Info (12021): Found 1 design units, including 1 entities, in source file mux_1.v
    Info (12023): Found entity 1: MUX_2to1
Info (12021): Found 1 design units, including 1 entities, in source file multiplier_2.v
    Info (12023): Found entity 1: Multiplier_2
Info (12021): Found 1 design units, including 1 entities, in source file fulladder_1.v
    Info (12023): Found entity 1: FullAdder
Info (12021): Found 1 design units, including 1 entities, in source file datapath.v
    Info (12023): Found entity 1: Datapath
Info (12021): Found 1 design units, including 1 entities, in source file controller.v
    Info (12023): Found entity 1: Controller
Info (12021): Found 1 design units, including 1 entities, in source file circuit.v
    Info (12023): Found entity 1: Circuit2
Info (12021): Found 1 design units, including 1 entities, in source file adder_8.v
    Info (12023): Found entity 1: Adder_8
Info (12021): Found 1 design units, including 1 entities, in source file circuitbdf.bdf
    Info (12023): Found entity 1: CircuitBDF
Info (12021): Found 1 design units, including 1 entities, in source file /users/rasou/desktop/cad/homeworks/hw1 phase 2/circuit.v
    Info (12023): Found entity 1: Circuit
Info (12127): Elaborating entity "Circuit" for the top level hierarchy
Info (12128): Elaborating entity "Datapath" for hierarchy "Datapath:cut_datapath"
Info (12128): Elaborating entity "Register_4" for hierarchy "Datapath:cut_datapath|Register_4:cut_reg_A"
Info (12128): Elaborating entity "Register_1" for hierarchy "Datapath:cut_datapath|Register_4:cut_reg_A|Register_1:cut_reg_1"
Info (12128): Elaborating entity "MUX_2to1" for hierarchy "Datapath:cut_datapath|MUX_2to1:cut_MUX_A1"
Info (12128): Elaborating entity "Multiplier_2" for hierarchy "Datapath:cut_datapath|Multiplier_2:cut_mul"
Info (12128): Elaborating entity "Shift" for hierarchy "Datapath:cut_datapath|Shift:cut_shift_logic"
Info (12128): Elaborating entity "Adder_8" for hierarchy "Datapath:cut_datapath|Adder_8:cut_adder"
Info (12128): Elaborating entity "FullAdder" for hierarchy "Datapath:cut_datapath|Adder_8:cut_adder|FullAdder:cut_FA_1"
Info (12128): Elaborating entity "Register_8" for hierarchy "Datapath:cut_datapath|Register_8:cut_reg_out"
Info (12128): Elaborating entity "Controller" for hierarchy "Controller:cut_controller"
Info (12128): Elaborating entity "Register_3" for hierarchy "Controller:cut_controller|Register_3:cut_state"
Info (286030): Timing-Driven Synthesis is running
Info (16010): Generating hard_block partition "hard_block:auto_generated_inst"
    Info (16011): Adding 0 node(s), including 0 DDIO, 0 PLL, 0 transceiver and 0 LCELL
Info (21057): Implemented 64 device resources after synthesis - the final resource count might be different
    Info (21058): Implemented 11 input pins
    Info (21059): Implemented 8 output pins
    Info (21061): Implemented 45 logic cells
Info: Quartus II 64-Bit Analysis & Synthesis was successful. 0 errors, 1 warning
    Info: Peak virtual memory: 4590 megabytes
    Info: Processing ended: Mon Dec 14 16:28:21 2020
    Info: Elapsed time: 00:00:05
    Info: Total CPU time (on all processors): 00:00:02


